19:36:26,267 |-INFO in ch.qos.logback.classic.LoggerContext[default] - Could NOT find resource [logback.groovy]
19:36:26,268 |-INFO in ch.qos.logback.classic.LoggerContext[default] - Could NOT find resource [logback-test.xml]
19:36:26,268 |-INFO in ch.qos.logback.classic.LoggerContext[default] - Found resource [logback.xml] at [file:/Users/florageng/project/opensource/demo/sharding-test/sharding-ui/src/main/resources/shardingsphere-ui-5.0.0-alpha/conf/logback.xml]
19:36:26,269 |-WARN in ch.qos.logback.classic.LoggerContext[default] - Resource [logback.xml] occurs multiple times on the classpath.
19:36:26,269 |-WARN in ch.qos.logback.classic.LoggerContext[default] - Resource [logback.xml] occurs at [jar:file:/Users/florageng/project/opensource/demo/sharding-test/sharding-ui/src/main/resources/shardingsphere-ui-5.0.0-alpha/lib/shardingsphere-ui-bin-distribution-5.0.0-alpha.jar!/logback.xml]
19:36:26,269 |-WARN in ch.qos.logback.classic.LoggerContext[default] - Resource [logback.xml] occurs at [jar:file:/Users/florageng/project/opensource/demo/sharding-test/sharding-ui/src/main/resources/shardingsphere-ui-5.0.0-alpha/lib/shardingsphere-ui-backend-5.0.0-alpha.jar!/logback.xml]
19:36:26,269 |-WARN in ch.qos.logback.classic.LoggerContext[default] - Resource [logback.xml] occurs at [file:/Users/florageng/project/opensource/demo/sharding-test/sharding-ui/src/main/resources/shardingsphere-ui-5.0.0-alpha/conf/logback.xml]
19:36:26,373 |-INFO in ch.qos.logback.classic.joran.action.ConfigurationAction - debug attribute not set
19:36:26,379 |-INFO in ch.qos.logback.core.joran.action.AppenderAction - About to instantiate appender of type [ch.qos.logback.core.ConsoleAppender]
19:36:26,387 |-INFO in ch.qos.logback.core.joran.action.AppenderAction - Naming appender as [console]
19:36:26,394 |-INFO in ch.qos.logback.core.joran.action.NestedComplexPropertyIA - Assuming default type [ch.qos.logback.classic.encoder.PatternLayoutEncoder] for [encoder] property
19:36:26,478 |-INFO in ch.qos.logback.classic.joran.action.LoggerAction - Setting level of logger [io.shardingsphere] to INFO
19:36:26,478 |-INFO in ch.qos.logback.classic.joran.action.LoggerAction - Setting additivity of logger [io.shardingsphere] to false
19:36:26,478 |-INFO in ch.qos.logback.core.joran.action.AppenderRefAction - Attaching appender named [console] to Logger[io.shardingsphere]
19:36:26,479 |-INFO in ch.qos.logback.classic.joran.action.LevelAction - ROOT level set to INFO
19:36:26,479 |-INFO in ch.qos.logback.core.joran.action.AppenderRefAction - Attaching appender named [console] to Logger[ROOT]
19:36:26,479 |-INFO in ch.qos.logback.classic.joran.action.ConfigurationAction - End of configuration.
19:36:26,485 |-INFO in ch.qos.logback.classic.joran.JoranConfigurator@7a5d012c - Registering current configuration as safe fallback point


  .   ____          _            __ _ _
 /\\ / ___'_ __ _ _(_)_ __  __ _ \ \ \ \
( ( )\___ | '_ | '_| | '_ \/ _` | \ \ \ \
 \\/  ___)| |_)| | | | | || (_| |  ) ) ) )
  '  |____| .__|_| |_|_| |_\__, | / / / /
 =========|_|==============|___/=/_/_/_/
 :: Spring Boot ::       (v1.5.21.RELEASE)

[INFO ] 19:36:27.013 [main] o.apache.shardingsphere.ui.Bootstrap - Starting Bootstrap v5.0.0-alpha on floras-MacBook-Pro-2.local with PID 41163 (/Users/florageng/project/opensource/demo/sharding-test/sharding-ui/src/main/resources/shardingsphere-ui-5.0.0-alpha/lib/shardingsphere-ui-backend-5.0.0-alpha.jar started by florageng in /Users/florageng/project/opensource/demo/sharding-test/sharding-ui/src/main/resources/shardingsphere-ui-5.0.0-alpha)
[INFO ] 19:36:27.016 [main] o.apache.shardingsphere.ui.Bootstrap - No active profile set, falling back to default profiles: default
[INFO ] 19:36:27.313 [main] o.s.b.c.e.AnnotationConfigEmbeddedWebApplicationContext - Refreshing org.springframework.boot.context.embedded.AnnotationConfigEmbeddedWebApplicationContext@4034c28c: startup date [Wed Aug 25 19:36:27 CST 2021]; root of context hierarchy
[INFO ] 19:36:28.974 [main] o.s.b.c.e.t.TomcatEmbeddedServletContainer - Tomcat initialized with port(s): 8088 (http)
[INFO ] 19:36:29.001 [main] o.a.coyote.http11.Http11NioProtocol - Initializing ProtocolHandler ["http-nio-8088"]
[INFO ] 19:36:29.038 [main] o.a.catalina.core.StandardService - Starting service [Tomcat]
[INFO ] 19:36:29.038 [main] o.a.catalina.core.StandardEngine - Starting Servlet Engine: Apache Tomcat/8.5.40
[INFO ] 19:36:29.220 [localhost-startStop-1] o.a.c.c.C.[Tomcat].[localhost].[/] - Initializing Spring embedded WebApplicationContext
[INFO ] 19:36:29.220 [localhost-startStop-1] o.s.web.context.ContextLoader - Root WebApplicationContext: initialization completed in 1912 ms
[INFO ] 19:36:29.446 [localhost-startStop-1] o.s.b.w.s.FilterRegistrationBean - Mapping filter: 'characterEncodingFilter' to: [/*]
[INFO ] 19:36:29.447 [localhost-startStop-1] o.s.b.w.s.FilterRegistrationBean - Mapping filter: 'hiddenHttpMethodFilter' to: [/*]
[INFO ] 19:36:29.447 [localhost-startStop-1] o.s.b.w.s.FilterRegistrationBean - Mapping filter: 'httpPutFormContentFilter' to: [/*]
[INFO ] 19:36:29.447 [localhost-startStop-1] o.s.b.w.s.FilterRegistrationBean - Mapping filter: 'requestContextFilter' to: [/*]
[INFO ] 19:36:29.447 [localhost-startStop-1] o.s.b.w.s.FilterRegistrationBean - Mapping filter: 'CORSFilter' to urls: [/api/*]
[INFO ] 19:36:29.448 [localhost-startStop-1] o.s.b.w.s.FilterRegistrationBean - Mapping filter: 'authenticationFilter' to urls: [/api/*]
[INFO ] 19:36:29.448 [localhost-startStop-1] o.s.b.w.s.ServletRegistrationBean - Mapping servlet: 'dispatcherServlet' to [/]
[INFO ] 19:36:29.931 [main] o.s.w.s.m.m.a.RequestMappingHandlerAdapter - Looking for @ControllerAdvice: org.springframework.boot.context.embedded.AnnotationConfigEmbeddedWebApplicationContext@4034c28c: startup date [Wed Aug 25 19:36:27 CST 2021]; root of context hierarchy
[INFO ] 19:36:30.086 [main] o.s.w.s.m.m.a.RequestMappingHandlerMapping - Mapped "{[/api/governance/instance],methods=[GET]}" onto public org.apache.shardingsphere.ui.web.response.ResponseResult<java.util.Collection<org.apache.shardingsphere.ui.common.dto.InstanceDTO>> org.apache.shardingsphere.ui.web.controller.GovernanceController.loadAllInstances()
[INFO ] 19:36:30.088 [main] o.s.w.s.m.m.a.RequestMappingHandlerMapping - Mapped "{[/api/governance/instance],methods=[PUT]}" onto public org.apache.shardingsphere.ui.web.response.ResponseResult org.apache.shardingsphere.ui.web.controller.GovernanceController.updateInstanceStatus(org.apache.shardingsphere.ui.common.dto.InstanceDTO)
[INFO ] 19:36:30.088 [main] o.s.w.s.m.m.a.RequestMappingHandlerMapping - Mapped "{[/api/governance/datasource],methods=[GET]}" onto public org.apache.shardingsphere.ui.web.response.ResponseResult<java.util.Collection<org.apache.shardingsphere.ui.common.dto.ReplicaDataSourceDTO>> org.apache.shardingsphere.ui.web.controller.GovernanceController.loadAllReplicaDataSources()
[INFO ] 19:36:30.089 [main] o.s.w.s.m.m.a.RequestMappingHandlerMapping - Mapped "{[/api/governance/datasource],methods=[PUT]}" onto public org.apache.shardingsphere.ui.web.response.ResponseResult org.apache.shardingsphere.ui.web.controller.GovernanceController.updateReplicaDataSourceStatus(org.apache.shardingsphere.ui.common.dto.ReplicaDataSourceDTO)
[INFO ] 19:36:30.094 [main] o.s.w.s.m.m.a.RequestMappingHandlerMapping - Mapped "{[/api/reg-center],methods=[POST]}" onto public org.apache.shardingsphere.ui.web.response.ResponseResult org.apache.shardingsphere.ui.web.controller.RegistryCenterController.add(org.apache.shardingsphere.ui.common.domain.CenterConfig)
[INFO ] 19:36:30.095 [main] o.s.w.s.m.m.a.RequestMappingHandlerMapping - Mapped "{[/api/reg-center/update],methods=[POST]}" onto public org.apache.shardingsphere.ui.web.response.ResponseResult org.apache.shardingsphere.ui.web.controller.RegistryCenterController.update(org.apache.shardingsphere.ui.common.dto.CenterConfigDTO)
[INFO ] 19:36:30.095 [main] o.s.w.s.m.m.a.RequestMappingHandlerMapping - Mapped "{[/api/reg-center],methods=[DELETE]}" onto public org.apache.shardingsphere.ui.web.response.ResponseResult org.apache.shardingsphere.ui.web.controller.RegistryCenterController.delete(org.apache.shardingsphere.ui.common.domain.CenterConfig)
[INFO ] 19:36:30.095 [main] o.s.w.s.m.m.a.RequestMappingHandlerMapping - Mapped "{[/api/reg-center/connect],methods=[POST]}" onto public org.apache.shardingsphere.ui.web.response.ResponseResult<java.lang.Boolean> org.apache.shardingsphere.ui.web.controller.RegistryCenterController.connect(org.apache.shardingsphere.ui.common.domain.CenterConfig)
[INFO ] 19:36:30.096 [main] o.s.w.s.m.m.a.RequestMappingHandlerMapping - Mapped "{[/api/reg-center],methods=[GET]}" onto public org.apache.shardingsphere.ui.web.response.ResponseResult<java.util.List<org.apache.shardingsphere.ui.common.domain.CenterConfig>> org.apache.shardingsphere.ui.web.controller.RegistryCenterController.loadConfigs()
[INFO ] 19:36:30.096 [main] o.s.w.s.m.m.a.RequestMappingHandlerMapping - Mapped "{[/api/reg-center/activated],methods=[GET]}" onto public org.apache.shardingsphere.ui.web.response.ResponseResult<org.apache.shardingsphere.ui.common.domain.CenterConfig> org.apache.shardingsphere.ui.web.controller.RegistryCenterController.activated()
[INFO ] 19:36:30.106 [main] o.s.w.s.m.m.a.RequestMappingHandlerMapping - Mapped "{[/api/schema],methods=[POST]}" onto public org.apache.shardingsphere.ui.web.response.ResponseResult org.apache.shardingsphere.ui.web.controller.ShardingSchemaController.addSchema(org.apache.shardingsphere.ui.common.dto.ShardingSphereSchemaDTO)
[INFO ] 19:36:30.107 [main] o.s.w.s.m.m.a.RequestMappingHandlerMapping - Mapped "{[/api/schema/{schemaName}],methods=[DELETE]}" onto public org.apache.shardingsphere.ui.web.response.ResponseResult org.apache.shardingsphere.ui.web.controller.ShardingSchemaController.deleteSchema(java.lang.String)
[INFO ] 19:36:30.107 [main] o.s.w.s.m.m.a.RequestMappingHandlerMapping - Mapped "{[/api/schema],methods=[GET]}" onto public org.apache.shardingsphere.ui.web.response.ResponseResult<java.util.Collection<java.lang.String>> org.apache.shardingsphere.ui.web.controller.ShardingSchemaController.loadAllSchemaNames()
[INFO ] 19:36:30.108 [main] o.s.w.s.m.m.a.RequestMappingHandlerMapping - Mapped "{[/api/schema/rule/{schemaName}],methods=[GET]}" onto public org.apache.shardingsphere.ui.web.response.ResponseResult<java.lang.String> org.apache.shardingsphere.ui.web.controller.ShardingSchemaController.loadRuleConfiguration(java.lang.String)
[INFO ] 19:36:30.108 [main] o.s.w.s.m.m.a.RequestMappingHandlerMapping - Mapped "{[/api/schema/rule/{schemaName}],methods=[PUT]}" onto public org.apache.shardingsphere.ui.web.response.ResponseResult org.apache.shardingsphere.ui.web.controller.ShardingSchemaController.updateRuleConfiguration(java.lang.String,java.util.Map<java.lang.String, java.lang.String>)
[INFO ] 19:36:30.109 [main] o.s.w.s.m.m.a.RequestMappingHandlerMapping - Mapped "{[/api/schema/datasource/{schemaName}],methods=[GET]}" onto public org.apache.shardingsphere.ui.web.response.ResponseResult<java.lang.String> org.apache.shardingsphere.ui.web.controller.ShardingSchemaController.loadDataSourceConfiguration(java.lang.String)
[INFO ] 19:36:30.109 [main] o.s.w.s.m.m.a.RequestMappingHandlerMapping - Mapped "{[/api/schema/datasource/{schemaName}],methods=[PUT]}" onto public org.apache.shardingsphere.ui.web.response.ResponseResult org.apache.shardingsphere.ui.web.controller.ShardingSchemaController.updateDataSourceConfiguration(java.lang.String,java.util.Map<java.lang.String, java.lang.String>)
[INFO ] 19:36:30.109 [main] o.s.w.s.m.m.a.RequestMappingHandlerMapping - Mapped "{[/api/schema/metadata/{schemaName}],methods=[GET]}" onto public org.apache.shardingsphere.ui.web.response.ResponseResult<java.lang.String> org.apache.shardingsphere.ui.web.controller.ShardingSchemaController.loadMetadataConfiguration(java.lang.String)
[INFO ] 19:36:30.111 [main] o.s.w.s.m.m.a.RequestMappingHandlerMapping - Mapped "{[/api/shardingscaling],methods=[POST]}" onto public org.apache.shardingsphere.ui.web.response.ResponseResult org.apache.shardingsphere.ui.web.controller.ShardingScalingForwardController.configService(org.apache.shardingsphere.ui.common.domain.ForwardServiceConfig)
[INFO ] 19:36:30.112 [main] o.s.w.s.m.m.a.RequestMappingHandlerMapping - Mapped "{[/api/shardingscaling],methods=[DELETE]}" onto public org.apache.shardingsphere.ui.web.response.ResponseResult org.apache.shardingsphere.ui.web.controller.ShardingScalingForwardController.deleteService()
[INFO ] 19:36:30.112 [main] o.s.w.s.m.m.a.RequestMappingHandlerMapping - Mapped "{[/api/shardingscaling/job/list],methods=[GET]}" onto public org.apache.shardingsphere.ui.web.response.ResponseResult org.apache.shardingsphere.ui.web.controller.ShardingScalingForwardController.listAllShardingScalingJobs()
[INFO ] 19:36:30.113 [main] o.s.w.s.m.m.a.RequestMappingHandlerMapping - Mapped "{[/api/shardingscaling/job/start],methods=[POST]}" onto public org.apache.shardingsphere.ui.web.response.ResponseResult org.apache.shardingsphere.ui.web.controller.ShardingScalingForwardController.startShardingScalingJob(java.lang.String)
[INFO ] 19:36:30.113 [main] o.s.w.s.m.m.a.RequestMappingHandlerMapping - Mapped "{[/api/shardingscaling/job/progress/{jobId}],methods=[GET]}" onto public org.apache.shardingsphere.ui.web.response.ResponseResult org.apache.shardingsphere.ui.web.controller.ShardingScalingForwardController.getShardingScalingJobProgress(int)
[INFO ] 19:36:30.114 [main] o.s.w.s.m.m.a.RequestMappingHandlerMapping - Mapped "{[/api/shardingscaling/job/stop],methods=[POST]}" onto public org.apache.shardingsphere.ui.web.response.ResponseResult org.apache.shardingsphere.ui.web.controller.ShardingScalingForwardController.stopShardingScalingJob(java.lang.String)
[INFO ] 19:36:30.114 [main] o.s.w.s.m.m.a.RequestMappingHandlerMapping - Mapped "{[/api/shardingscaling],methods=[GET]}" onto public org.apache.shardingsphere.ui.web.response.ResponseResult org.apache.shardingsphere.ui.web.controller.ShardingScalingForwardController.getService()
[INFO ] 19:36:30.116 [main] o.s.w.s.m.m.a.RequestMappingHandlerMapping - Mapped "{[/api/authentication],methods=[PUT]}" onto public org.apache.shardingsphere.ui.web.response.ResponseResult org.apache.shardingsphere.ui.web.controller.ProxyAuthenticationController.updateAuthentication(java.util.Map<java.lang.String, java.lang.String>)
[INFO ] 19:36:30.116 [main] o.s.w.s.m.m.a.RequestMappingHandlerMapping - Mapped "{[/api/authentication],methods=[GET]}" onto public org.apache.shardingsphere.ui.web.response.ResponseResult<java.lang.String> org.apache.shardingsphere.ui.web.controller.ProxyAuthenticationController.loadAuthentication()
[INFO ] 19:36:30.117 [main] o.s.w.s.m.m.a.RequestMappingHandlerMapping - Mapped "{[/api/props],methods=[PUT]}" onto public org.apache.shardingsphere.ui.web.response.ResponseResult org.apache.shardingsphere.ui.web.controller.ShardingPropertiesController.updateShardingProperties(java.util.Map<java.lang.String, java.lang.String>)
[INFO ] 19:36:30.118 [main] o.s.w.s.m.m.a.RequestMappingHandlerMapping - Mapped "{[/api/props],methods=[GET]}" onto public org.apache.shardingsphere.ui.web.response.ResponseResult<java.lang.String> org.apache.shardingsphere.ui.web.controller.ShardingPropertiesController.loadShardingProperties()
[INFO ] 19:36:30.121 [main] o.s.w.s.m.m.a.RequestMappingHandlerMapping - Mapped "{[/error],produces=[text/html]}" onto public org.springframework.web.servlet.ModelAndView org.springframework.boot.autoconfigure.web.BasicErrorController.errorHtml(javax.servlet.http.HttpServletRequest,javax.servlet.http.HttpServletResponse)
[INFO ] 19:36:30.121 [main] o.s.w.s.m.m.a.RequestMappingHandlerMapping - Mapped "{[/error]}" onto public org.springframework.http.ResponseEntity<java.util.Map<java.lang.String, java.lang.Object>> org.springframework.boot.autoconfigure.web.BasicErrorController.error(javax.servlet.http.HttpServletRequest)
[INFO ] 19:36:30.157 [main] o.s.w.s.h.SimpleUrlHandlerMapping - Mapped URL path [/webjars/**] onto handler of type [class org.springframework.web.servlet.resource.ResourceHttpRequestHandler]
[INFO ] 19:36:30.157 [main] o.s.w.s.h.SimpleUrlHandlerMapping - Mapped URL path [/**] onto handler of type [class org.springframework.web.servlet.resource.ResourceHttpRequestHandler]
[INFO ] 19:36:30.174 [main] o.s.w.s.m.m.a.ExceptionHandlerExceptionResolver - Detected @ExceptionHandler methods in globalExceptionHandler
[INFO ] 19:36:30.197 [main] o.s.w.s.h.SimpleUrlHandlerMapping - Mapped URL path [/**/favicon.ico] onto handler of type [class org.springframework.web.servlet.resource.ResourceHttpRequestHandler]
[INFO ] 19:36:30.223 [main] o.s.b.a.w.WebMvcAutoConfiguration$WelcomePageHandlerMapping - Adding welcome page: class path resource [public/index.html]
[INFO ] 19:36:30.373 [main] o.s.j.e.a.AnnotationMBeanExporter - Registering beans for JMX exposure on startup
[INFO ] 19:36:30.386 [main] o.a.coyote.http11.Http11NioProtocol - Starting ProtocolHandler ["http-nio-8088"]
[INFO ] 19:36:30.415 [main] o.a.tomcat.util.net.NioSelectorPool - Using a shared selector for servlet write/read
[INFO ] 19:36:30.429 [main] o.s.b.c.e.t.TomcatEmbeddedServletContainer - Tomcat started on port(s): 8088 (http)
[INFO ] 19:36:30.435 [main] o.apache.shardingsphere.ui.Bootstrap - Started Bootstrap in 3.787 seconds (JVM running for 4.561)
[INFO ] 19:36:41.688 [http-nio-8088-exec-1] o.a.c.c.C.[Tomcat].[localhost].[/] - Initializing Spring FrameworkServlet 'dispatcherServlet'
[INFO ] 19:36:41.688 [http-nio-8088-exec-1] o.s.web.servlet.DispatcherServlet - FrameworkServlet 'dispatcherServlet': initialization started
[INFO ] 19:36:41.707 [http-nio-8088-exec-1] o.s.web.servlet.DispatcherServlet - FrameworkServlet 'dispatcherServlet': initialization completed in 19 ms
[ERROR] 19:39:38.793 [http-nio-8088-exec-2] o.a.s.u.w.a.GlobalExceptionHandler - schedule error
org.apache.shardingsphere.ui.common.exception.ShardingSphereUIException: No activated config center!
	at org.apache.shardingsphere.ui.servcie.impl.ConfigCenterServiceImpl.getActivatedConfigCenter(ConfigCenterServiceImpl.java:47)
	at org.apache.shardingsphere.ui.servcie.impl.ShardingSchemaServiceImpl.getAllSchemaNames(ShardingSchemaServiceImpl.java:48)
	at org.apache.shardingsphere.ui.web.controller.ShardingSchemaController.loadAllSchemaNames(ShardingSchemaController.java:51)
	at sun.reflect.NativeMethodAccessorImpl.invoke0(Native Method)
	at sun.reflect.NativeMethodAccessorImpl.invoke(NativeMethodAccessorImpl.java:62)
	at sun.reflect.DelegatingMethodAccessorImpl.invoke(DelegatingMethodAccessorImpl.java:43)
	at java.lang.reflect.Method.invoke(Method.java:498)
	at org.springframework.web.method.support.InvocableHandlerMethod.doInvoke(InvocableHandlerMethod.java:205)
	at org.springframework.web.method.support.InvocableHandlerMethod.invokeForRequest(InvocableHandlerMethod.java:133)
	at org.springframework.web.servlet.mvc.method.annotation.ServletInvocableHandlerMethod.invokeAndHandle(ServletInvocableHandlerMethod.java:97)
	at org.springframework.web.servlet.mvc.method.annotation.RequestMappingHandlerAdapter.invokeHandlerMethod(RequestMappingHandlerAdapter.java:854)
	at org.springframework.web.servlet.mvc.method.annotation.RequestMappingHandlerAdapter.handleInternal(RequestMappingHandlerAdapter.java:765)
	at org.springframework.web.servlet.mvc.method.AbstractHandlerMethodAdapter.handle(AbstractHandlerMethodAdapter.java:85)
	at org.springframework.web.servlet.DispatcherServlet.doDispatch(DispatcherServlet.java:967)
	at org.springframework.web.servlet.DispatcherServlet.doService(DispatcherServlet.java:901)
	at org.springframework.web.servlet.FrameworkServlet.processRequest(FrameworkServlet.java:970)
	at org.springframework.web.servlet.FrameworkServlet.doGet(FrameworkServlet.java:861)
	at javax.servlet.http.HttpServlet.service(HttpServlet.java:635)
	at org.springframework.web.servlet.FrameworkServlet.service(FrameworkServlet.java:846)
	at javax.servlet.http.HttpServlet.service(HttpServlet.java:742)
	at org.apache.catalina.core.ApplicationFilterChain.internalDoFilter(ApplicationFilterChain.java:231)
	at org.apache.catalina.core.ApplicationFilterChain.doFilter(ApplicationFilterChain.java:166)
	at org.apache.tomcat.websocket.server.WsFilter.doFilter(WsFilter.java:52)
	at org.apache.catalina.core.ApplicationFilterChain.internalDoFilter(ApplicationFilterChain.java:193)
	at org.apache.catalina.core.ApplicationFilterChain.doFilter(ApplicationFilterChain.java:166)
	at org.apache.shardingsphere.ui.security.AuthenticationFilter.doFilter(AuthenticationFilter.java:62)
	at org.apache.catalina.core.ApplicationFilterChain.internalDoFilter(ApplicationFilterChain.java:193)
	at org.apache.catalina.core.ApplicationFilterChain.doFilter(ApplicationFilterChain.java:166)
	at org.apache.shardingsphere.ui.web.filter.CORSFilter.doFilter(CORSFilter.java:53)
	at org.apache.catalina.core.ApplicationFilterChain.internalDoFilter(ApplicationFilterChain.java:193)
	at org.apache.catalina.core.ApplicationFilterChain.doFilter(ApplicationFilterChain.java:166)
	at org.springframework.web.filter.RequestContextFilter.doFilterInternal(RequestContextFilter.java:99)
	at org.springframework.web.filter.OncePerRequestFilter.doFilter(OncePerRequestFilter.java:107)
	at org.apache.catalina.core.ApplicationFilterChain.internalDoFilter(ApplicationFilterChain.java:193)
	at org.apache.catalina.core.ApplicationFilterChain.doFilter(ApplicationFilterChain.java:166)
	at org.springframework.web.filter.HttpPutFormContentFilter.doFilterInternal(HttpPutFormContentFilter.java:109)
	at org.springframework.web.filter.OncePerRequestFilter.doFilter(OncePerRequestFilter.java:107)
	at org.apache.catalina.core.ApplicationFilterChain.internalDoFilter(ApplicationFilterChain.java:193)
	at org.apache.catalina.core.ApplicationFilterChain.doFilter(ApplicationFilterChain.java:166)
	at org.springframework.web.filter.HiddenHttpMethodFilter.doFilterInternal(HiddenHttpMethodFilter.java:93)
	at org.springframework.web.filter.OncePerRequestFilter.doFilter(OncePerRequestFilter.java:107)
	at org.apache.catalina.core.ApplicationFilterChain.internalDoFilter(ApplicationFilterChain.java:193)
	at org.apache.catalina.core.ApplicationFilterChain.doFilter(ApplicationFilterChain.java:166)
	at org.springframework.web.filter.CharacterEncodingFilter.doFilterInternal(CharacterEncodingFilter.java:197)
	at org.springframework.web.filter.OncePerRequestFilter.doFilter(OncePerRequestFilter.java:107)
	at org.apache.catalina.core.ApplicationFilterChain.internalDoFilter(ApplicationFilterChain.java:193)
	at org.apache.catalina.core.ApplicationFilterChain.doFilter(ApplicationFilterChain.java:166)
	at org.apache.catalina.core.StandardWrapperValve.invoke(StandardWrapperValve.java:199)
	at org.apache.catalina.core.StandardContextValve.invoke(StandardContextValve.java:96)
	at org.apache.catalina.authenticator.AuthenticatorBase.invoke(AuthenticatorBase.java:493)
	at org.apache.catalina.core.StandardHostValve.invoke(StandardHostValve.java:137)
	at org.apache.catalina.valves.ErrorReportValve.invoke(ErrorReportValve.java:81)
	at org.apache.catalina.core.StandardEngineValve.invoke(StandardEngineValve.java:87)
	at org.apache.catalina.connector.CoyoteAdapter.service(CoyoteAdapter.java:343)
	at org.apache.coyote.http11.Http11Processor.service(Http11Processor.java:798)
	at org.apache.coyote.AbstractProcessorLight.process(AbstractProcessorLight.java:66)
	at org.apache.coyote.AbstractProtocol$ConnectionHandler.process(AbstractProtocol.java:808)
	at org.apache.tomcat.util.net.NioEndpoint$SocketProcessor.doRun(NioEndpoint.java:1498)
	at org.apache.tomcat.util.net.SocketProcessorBase.run(SocketProcessorBase.java:49)
	at java.util.concurrent.ThreadPoolExecutor.runWorker(ThreadPoolExecutor.java:1149)
	at java.util.concurrent.ThreadPoolExecutor$Worker.run(ThreadPoolExecutor.java:624)
	at org.apache.tomcat.util.threads.TaskThread$WrappingRunnable.run(TaskThread.java:61)
	at java.lang.Thread.run(Thread.java:748)
[INFO ] 19:39:56.577 [http-nio-8088-exec-6] o.a.c.f.imps.CuratorFrameworkImpl - Starting
[INFO ] 19:39:56.591 [http-nio-8088-exec-6] org.apache.zookeeper.ZooKeeper - Client environment:zookeeper.version=3.6.0--b4c89dc7f6083829e18fae6e446907ae0b1f22d7, built on 02/25/2020 14:38 GMT
[INFO ] 19:39:56.591 [http-nio-8088-exec-6] org.apache.zookeeper.ZooKeeper - Client environment:host.name=localhost
[INFO ] 19:39:56.591 [http-nio-8088-exec-6] org.apache.zookeeper.ZooKeeper - Client environment:java.version=1.8.0_211
[INFO ] 19:39:56.591 [http-nio-8088-exec-6] org.apache.zookeeper.ZooKeeper - Client environment:java.vendor=Oracle Corporation
[INFO ] 19:39:56.591 [http-nio-8088-exec-6] org.apache.zookeeper.ZooKeeper - Client environment:java.home=/Library/Java/JavaVirtualMachines/jdk1.8.0_211.jdk/Contents/Home/jre
[INFO ] 19:39:56.591 [http-nio-8088-exec-6] org.apache.zookeeper.ZooKeeper - Client environment:java.class.path=.:/Users/florageng/project/opensource/demo/sharding-test/sharding-ui/src/main/resources/shardingsphere-ui-5.0.0-alpha/conf:/Users/florageng/project/opensource/demo/sharding-test/sharding-ui/src/main/resources/shardingsphere-ui-5.0.0-alpha/lib/gson-2.8.5.jar:/Users/florageng/project/opensource/demo/sharding-test/sharding-ui/src/main/resources/shardingsphere-ui-5.0.0-alpha/lib/annotations-4.1.1.4.jar:/Users/florageng/project/opensource/demo/sharding-test/sharding-ui/src/main/resources/shardingsphere-ui-5.0.0-alpha/lib/tomcat-annotations-api-8.5.40.jar:/Users/florageng/project/opensource/demo/sharding-test/sharding-ui/src/main/resources/shardingsphere-ui-5.0.0-alpha/lib/shardingsphere-governance-core-config-5.0.0-alpha.jar:/Users/florageng/project/opensource/demo/sharding-test/sharding-ui/src/main/resources/shardingsphere-ui-5.0.0-alpha/lib/shardingsphere-governance-repository-api-5.0.0-alpha.jar:/Users/florageng/project/opensource/demo/sharding-test/sharding-ui/src/main/resources/shardingsphere-ui-5.0.0-alpha/lib/protobuf-java-3.11.0.jar:/Users/florageng/project/opensource/demo/sharding-test/sharding-ui/src/main/resources/shardingsphere-ui-5.0.0-alpha/lib/netty-codec-4.1.45.Final.jar:/Users/florageng/project/opensource/demo/sharding-test/sharding-ui/src/main/resources/shardingsphere-ui-5.0.0-alpha/lib/perfmark-api-0.19.0.jar:/Users/florageng/project/opensource/demo/sharding-test/sharding-ui/src/main/resources/shardingsphere-ui-5.0.0-alpha/lib/shardingsphere-ui-bin-distribution-5.0.0-alpha.jar:/Users/florageng/project/opensource/demo/sharding-test/sharding-ui/src/main/resources/shardingsphere-ui-5.0.0-alpha/lib/shardingsphere-replica-query-api-5.0.0-alpha.jar:/Users/florageng/project/opensource/demo/sharding-test/sharding-ui/src/main/resources/shardingsphere-ui-5.0.0-alpha/lib/netty-codec-http-4.1.42.Final.jar:/Users/florageng/project/opensource/demo/sharding-test/sharding-ui/src/main/resources/shardingsphere-ui-5.0.0-alpha/lib/shardingsphere-encrypt-common-5.0.0-alpha.jar:/Users/florageng/project/opensource/demo/sharding-test/sharding-ui/src/main/resources/shardingsphere-ui-5.0.0-alpha/lib/shardingsphere-replica-query-common-5.0.0-alpha.jar:/Users/florageng/project/opensource/demo/sharding-test/sharding-ui/src/main/resources/shardingsphere-ui-5.0.0-alpha/lib/shardingsphere-governance-repository-etcd-5.0.0-alpha.jar:/Users/florageng/project/opensource/demo/sharding-test/sharding-ui/src/main/resources/shardingsphere-ui-5.0.0-alpha/lib/slf4j-api-1.7.26.jar:/Users/florageng/project/opensource/demo/sharding-test/sharding-ui/src/main/resources/shardingsphere-ui-5.0.0-alpha/lib/httpcore-4.4.11.jar:/Users/florageng/project/opensource/demo/sharding-test/sharding-ui/src/main/resources/shardingsphere-ui-5.0.0-alpha/lib/spring-core-4.3.24.RELEASE.jar:/Users/florageng/project/opensource/demo/sharding-test/sharding-ui/src/main/resources/shardingsphere-ui-5.0.0-alpha/lib/grpc-grpclb-1.27.1.jar:/Users/florageng/project/opensource/demo/sharding-test/sharding-ui/src/main/resources/shardingsphere-ui-5.0.0-alpha/lib/spring-context-4.3.24.RELEASE.jar:/Users/florageng/project/opensource/demo/sharding-test/sharding-ui/src/main/resources/shardingsphere-ui-5.0.0-alpha/lib/guava-20.0.jar:/Users/florageng/project/opensource/demo/sharding-test/sharding-ui/src/main/resources/shardingsphere-ui-5.0.0-alpha/lib/spring-boot-starter-tomcat-1.5.21.RELEASE.jar:/Users/florageng/project/opensource/demo/sharding-test/sharding-ui/src/main/resources/shardingsphere-ui-5.0.0-alpha/lib/shardingsphere-governance-core-registry-5.0.0-alpha.jar:/Users/florageng/project/opensource/demo/sharding-test/sharding-ui/src/main/resources/shardingsphere-ui-5.0.0-alpha/lib/antlr4-runtime-4.7.2.jar:/Users/florageng/project/opensource/demo/sharding-test/sharding-ui/src/main/resources/shardingsphere-ui-5.0.0-alpha/lib/jackson-annotations-2.8.0.jar:/Users/florageng/project/opensource/demo/sharding-test/sharding-ui/src/main/resources/shardingsphere-ui-5.0.0-alpha/lib/animal-sniffer-annotations-1.18.jar:/Users/florageng/project/opensource/demo/sharding-test/sharding-ui/src/main/resources/shardingsphere-ui-5.0.0-alpha/lib/shardingsphere-infra-parser-5.0.0-alpha.jar:/Users/florageng/project/opensource/demo/sharding-test/sharding-ui/src/main/resources/shardingsphere-ui-5.0.0-alpha/lib/netty-codec-http2-4.1.42.Final.jar:/Users/florageng/project/opensource/demo/sharding-test/sharding-ui/src/main/resources/shardingsphere-ui-5.0.0-alpha/lib/curator-client-5.1.0.jar:/Users/florageng/project/opensource/demo/sharding-test/sharding-ui/src/main/resources/shardingsphere-ui-5.0.0-alpha/lib/jcl-over-slf4j-1.7.26.jar:/Users/florageng/project/opensource/demo/sharding-test/sharding-ui/src/main/resources/shardingsphere-ui-5.0.0-alpha/lib/shardingsphere-governance-core-facade-5.0.0-alpha.jar:/Users/florageng/project/opensource/demo/sharding-test/sharding-ui/src/main/resources/shardingsphere-ui-5.0.0-alpha/lib/grpc-stub-1.27.1.jar:/Users/florageng/project/opensource/demo/sharding-test/sharding-ui/src/main/resources/shardingsphere-ui-5.0.0-alpha/lib/shardingsphere-infra-binder-5.0.0-alpha.jar:/Users/florageng/project/opensource/demo/sharding-test/sharding-ui/src/main/resources/shardingsphere-ui-5.0.0-alpha/lib/shardingsphere-encrypt-api-5.0.0-alpha.jar:/Users/florageng/project/opensource/demo/sharding-test/sharding-ui/src/main/resources/shardingsphere-ui-5.0.0-alpha/lib/grpc-api-1.27.1.jar:/Users/florageng/project/opensource/demo/sharding-test/sharding-ui/src/main/resources/shardingsphere-ui-5.0.0-alpha/lib/log4j-1.2.17.jar:/Users/florageng/project/opensource/demo/sharding-test/sharding-ui/src/main/resources/shardingsphere-ui-5.0.0-alpha/lib/netty-handler-proxy-4.1.42.Final.jar:/Users/florageng/project/opensource/demo/sharding-test/sharding-ui/src/main/resources/shardingsphere-ui-5.0.0-alpha/lib/shardingsphere-sharding-common-5.0.0-alpha.jar:/Users/florageng/project/opensource/demo/sharding-test/sharding-ui/src/main/resources/shardingsphere-ui-5.0.0-alpha/lib/spring-aop-4.3.24.RELEASE.jar:/Users/florageng/project/opensource/demo/sharding-test/sharding-ui/src/main/resources/shardingsphere-ui-5.0.0-alpha/lib/grpc-netty-1.27.1.jar:/Users/florageng/project/opensource/demo/sharding-test/sharding-ui/src/main/resources/shardingsphere-ui-5.0.0-alpha/lib/spring-expression-4.3.24.RELEASE.jar:/Users/florageng/project/opensource/demo/sharding-test/sharding-ui/src/main/resources/shardingsphere-ui-5.0.0-alpha/lib/logback-classic-1.1.11.jar:/Users/florageng/project/opensource/demo/sharding-test/sharding-ui/src/main/resources/shardingsphere-ui-5.0.0-alpha/lib/shardingsphere-governance-core-common-5.0.0-alpha.jar:/Users/florageng/project/opensource/demo/sharding-test/sharding-ui/src/main/resources/shardingsphere-ui-5.0.0-alpha/lib/protobuf-java-util-3.11.0.jar:/Users/florageng/project/opensource/demo/sharding-test/sharding-ui/src/main/resources/shardingsphere-ui-5.0.0-alpha/lib/spring-boot-starter-logging-1.5.21.RELEASE.jar:/Users/florageng/project/opensource/demo/sharding-test/sharding-ui/src/main/resources/shardingsphere-ui-5.0.0-alpha/lib/commons-collections4-4.2.jar:/Users/florageng/project/opensource/demo/sharding-test/sharding-ui/src/main/resources/shardingsphere-ui-5.0.0-alpha/lib/netty-transport-4.1.45.Final.jar:/Users/florageng/project/opensource/demo/sharding-test/sharding-ui/src/main/resources/shardingsphere-ui-5.0.0-alpha/lib/tomcat-embed-el-8.5.40.jar:/Users/florageng/project/opensource/demo/sharding-test/sharding-ui/src/main/resources/shardingsphere-ui-5.0.0-alpha/lib/grpc-context-1.27.1.jar:/Users/florageng/project/opensource/demo/sharding-test/sharding-ui/src/main/resources/shardingsphere-ui-5.0.0-alpha/lib/error_prone_annotations-2.3.4.jar:/Users/florageng/project/opensource/demo/sharding-test/sharding-ui/src/main/resources/shardingsphere-ui-5.0.0-alpha/lib/netty-common-4.1.45.Final.jar:/Users/florageng/project/opensource/demo/sharding-test/sharding-ui/src/main/resources/shardingsphere-ui-5.0.0-alpha/lib/curator-framework-5.1.0.jar:/Users/florageng/project/opensource/demo/sharding-test/sharding-ui/src/main/resources/shardingsphere-ui-5.0.0-alpha/lib/groovy-2.4.19-indy.jar:/Users/florageng/project/opensource/demo/sharding-test/sharding-ui/src/main/resources/shardingsphere-ui-5.0.0-alpha/lib/spring-webmvc-4.3.24.RELEASE.jar:/Users/florageng/project/opensource/demo/sharding-test/sharding-ui/src/main/resources/shardingsphere-ui-5.0.0-alpha/lib/spring-boot-starter-1.5.21.RELEASE.jar:/Users/florageng/project/opensource/demo/sharding-test/sharding-ui/src/main/resources/shardingsphere-ui-5.0.0-alpha/lib/snakeyaml-1.17.jar:/Users/florageng/project/opensource/demo/sharding-test/sharding-ui/src/main/resources/shardingsphere-ui-5.0.0-alpha/lib/jackson-databind-2.8.11.3.jar:/Users/florageng/project/opensource/demo/sharding-test/sharding-ui/src/main/resources/shardingsphere-ui-5.0.0-alpha/lib/shardingsphere-shadow-common-5.0.0-alpha.jar:/Users/florageng/project/opensource/demo/sharding-test/sharding-ui/src/main/resources/shardingsphere-ui-5.0.0-alpha/lib/shardingsphere-governance-repository-zookeeper-curator-5.0.0-alpha.jar:/Users/florageng/project/opensource/demo/sharding-test/sharding-ui/src/main/resources/shardingsphere-ui-5.0.0-alpha/lib/tomcat-embed-websocket-8.5.40.jar:/Users/florageng/project/opensource/demo/sharding-test/sharding-ui/src/main/resources/shardingsphere-ui-5.0.0-alpha/lib/zookeeper-3.6.0.jar:/Users/florageng/project/opensource/demo/sharding-test/sharding-ui/src/main/resources/shardingsphere-ui-5.0.0-alpha/lib/spring-boot-autoconfigure-1.5.21.RELEASE.jar:/Users/florageng/project/opensource/demo/sharding-test/sharding-ui/src/main/resources/shardingsphere-ui-5.0.0-alpha/lib/commons-codec-1.10.jar:/Users/florageng/project/opensource/demo/sharding-test/sharding-ui/src/main/resources/shardingsphere-ui-5.0.0-alpha/lib/jul-to-slf4j-1.7.26.jar:/Users/florageng/project/opensource/demo/sharding-test/sharding-ui/src/main/resources/shardingsphere-ui-5.0.0-alpha/lib/audience-annotations-0.5.0.jar:/Users/florageng/project/opensource/demo/sharding-test/sharding-ui/src/main/resources/shardingsphere-ui-5.0.0-alpha/lib/shardingsphere-sharding-api-5.0.0-alpha.jar:/Users/florageng/project/opensource/demo/sharding-test/sharding-ui/src/main/resources/shardingsphere-ui-5.0.0-alpha/lib/shardingsphere-ui-backend-5.0.0-alpha.jar:/Users/florageng/project/opensource/demo/sharding-test/sharding-ui/src/main/resources/shardingsphere-ui-5.0.0-alpha/lib/shardingsphere-shadow-api-5.0.0-alpha.jar:/Users/florageng/project/opensource/demo/sharding-test/sharding-ui/src/main/resources/shardingsphere-ui-5.0.0-alpha/lib/netty-resolver-4.1.45.Final.jar:/Users/florageng/project/opensource/demo/sharding-test/sharding-ui/src/main/resources/shardingsphere-ui-5.0.0-alpha/lib/tomcat-embed-core-8.5.40.jar:/Users/florageng/project/opensource/demo/sharding-test/sharding-ui/src/main/resources/shardingsphere-ui-5.0.0-alpha/lib/netty-handler-4.1.45.Final.jar:/Users/florageng/project/opensource/demo/sharding-test/sharding-ui/src/main/resources/shardingsphere-ui-5.0.0-alpha/lib/shardingsphere-distsql-parser-statement-5.0.0-alpha.jar:/Users/florageng/project/opensource/demo/sharding-test/sharding-ui/src/main/resources/shardingsphere-ui-5.0.0-alpha/lib/spring-context-support-4.3.24.RELEASE.jar:/Users/florageng/project/opensource/demo/sharding-test/sharding-ui/src/main/resources/shardingsphere-ui-5.0.0-alpha/lib/netty-transport-native-unix-common-4.1.45.Final.jar:/Users/florageng/project/opensource/demo/sharding-test/sharding-ui/src/main/resources/shardingsphere-ui-5.0.0-alpha/lib/netty-transport-native-epoll-4.1.45.Final.jar:/Users/florageng/project/opensource/demo/sharding-test/sharding-ui/src/main/resources/shardingsphere-ui-5.0.0-alpha/lib/httpclient-4.5.8.jar:/Users/florageng/project/opensource/demo/sharding-test/sharding-ui/src/main/resources/shardingsphere-ui-5.0.0-alpha/lib/failsafe-2.3.3.jar:/Users/florageng/project/opensource/demo/sharding-test/sharding-ui/src/main/resources/shardingsphere-ui-5.0.0-alpha/lib/jetcd-resolver-0.5.0.jar:/Users/florageng/project/opensource/demo/sharding-test/sharding-ui/src/main/resources/shardingsphere-ui-5.0.0-alpha/lib/grpc-protobuf-lite-1.27.1.jar:/Users/florageng/project/opensource/demo/sharding-test/sharding-ui/src/main/resources/shardingsphere-ui-5.0.0-alpha/lib/commons-lang-2.6.jar:/Users/florageng/project/opensource/demo/sharding-test/sharding-ui/src/main/resources/shardingsphere-ui-5.0.0-alpha/lib/grpc-protobuf-1.27.1.jar:/Users/florageng/project/opensource/demo/sharding-test/sharding-ui/src/main/resources/shardingsphere-ui-5.0.0-alpha/lib/proto-google-common-protos-1.17.0.jar:/Users/florageng/project/opensource/demo/sharding-test/sharding-ui/src/main/resources/shardingsphere-ui-5.0.0-alpha/lib/spring-boot-1.5.21.RELEASE.jar:/Users/florageng/project/opensource/demo/sharding-test/sharding-ui/src/main/resources/shardingsphere-ui-5.0.0-alpha/lib/jetcd-common-0.5.0.jar:/Users/florageng/project/opensource/demo/sharding-test/sharding-ui/src/main/resources/shardingsphere-ui-5.0.0-alpha/lib/spring-web-4.3.24.RELEASE.jar:/Users/florageng/project/opensource/demo/sharding-test/sharding-ui/src/main/resources/shardingsphere-ui-5.0.0-alpha/lib/grpc-core-1.27.1.jar:/Users/florageng/project/opensource/demo/sharding-test/sharding-ui/src/main/resources/shardingsphere-ui-5.0.0-alpha/lib/jackson-core-2.8.11.jar:/Users/florageng/project/opensource/demo/sharding-test/sharding-ui/src/main/resources/shardingsphere-ui-5.0.0-alpha/lib/jsr305-3.0.2.jar:/Users/florageng/project/opensource/demo/sharding-test/sharding-ui/src/main/resources/shardingsphere-ui-5.0.0-alpha/lib/shardingsphere-sql-parser-statement-5.0.0-alpha.jar:/Users/florageng/project/opensource/demo/sharding-test/sharding-ui/src/main/resources/shardingsphere-ui-5.0.0-alpha/lib/spring-beans-4.3.24.RELEASE.jar:/Users/florageng/project/opensource/demo/sharding-test/sharding-ui/src/main/resources/shardingsphere-ui-5.0.0-alpha/lib/netty-buffer-4.1.45.Final.jar:/Users/florageng/project/opensource/demo/sharding-test/sharding-ui/src/main/resources/shardingsphere-ui-5.0.0-alpha/lib/zookeeper-jute-3.6.0.jar:/Users/florageng/project/opensource/demo/sharding-test/sharding-ui/src/main/resources/shardingsphere-ui-5.0.0-alpha/lib/shardingsphere-distsql-parser-engine-5.0.0-alpha.jar:/Users/florageng/project/opensource/demo/sharding-test/sharding-ui/src/main/resources/shardingsphere-ui-5.0.0-alpha/lib/jetcd-core-0.5.0.jar:/Users/florageng/project/opensource/demo/sharding-test/sharding-ui/src/main/resources/shardingsphere-ui-5.0.0-alpha/lib/curator-recipes-5.1.0.jar:/Users/florageng/project/opensource/demo/sharding-test/sharding-ui/src/main/resources/shardingsphere-ui-5.0.0-alpha/lib/netty-codec-socks-4.1.42.Final.jar:/Users/florageng/project/opensource/demo/sharding-test/sharding-ui/src/main/resources/shardingsphere-ui-5.0.0-alpha/lib/shardingsphere-infra-common-5.0.0-alpha.jar:/Users/florageng/project/opensource/demo/sharding-test/sharding-ui/src/main/resources/shardingsphere-ui-5.0.0-alpha/lib/spring-boot-starter-web-1.5.21.RELEASE.jar:/Users/florageng/project/opensource/demo/sharding-test/sharding-ui/src/main/resources/shardingsphere-ui-5.0.0-alpha/lib/logback-core-1.1.11.jar
[INFO ] 19:39:56.591 [http-nio-8088-exec-6] org.apache.zookeeper.ZooKeeper - Client environment:java.library.path=/Users/florageng/Library/Java/Extensions:/Library/Java/Extensions:/Network/Library/Java/Extensions:/System/Library/Java/Extensions:/usr/lib/java:.
[INFO ] 19:39:56.591 [http-nio-8088-exec-6] org.apache.zookeeper.ZooKeeper - Client environment:java.io.tmpdir=/var/folders/_v/mmh025qn1pz_d055zt75cttw0000gn/T/
[INFO ] 19:39:56.591 [http-nio-8088-exec-6] org.apache.zookeeper.ZooKeeper - Client environment:java.compiler=<NA>
[INFO ] 19:39:56.591 [http-nio-8088-exec-6] org.apache.zookeeper.ZooKeeper - Client environment:os.name=Mac OS X
[INFO ] 19:39:56.591 [http-nio-8088-exec-6] org.apache.zookeeper.ZooKeeper - Client environment:os.arch=x86_64
[INFO ] 19:39:56.591 [http-nio-8088-exec-6] org.apache.zookeeper.ZooKeeper - Client environment:os.version=10.16
[INFO ] 19:39:56.591 [http-nio-8088-exec-6] org.apache.zookeeper.ZooKeeper - Client environment:user.name=florageng
[INFO ] 19:39:56.591 [http-nio-8088-exec-6] org.apache.zookeeper.ZooKeeper - Client environment:user.home=/Users/florageng
[INFO ] 19:39:56.591 [http-nio-8088-exec-6] org.apache.zookeeper.ZooKeeper - Client environment:user.dir=/Users/florageng/project/opensource/demo/sharding-test/sharding-ui/src/main/resources/shardingsphere-ui-5.0.0-alpha
[INFO ] 19:39:56.591 [http-nio-8088-exec-6] org.apache.zookeeper.ZooKeeper - Client environment:os.memory.free=805MB
[INFO ] 19:39:56.591 [http-nio-8088-exec-6] org.apache.zookeeper.ZooKeeper - Client environment:os.memory.max=972MB
[INFO ] 19:39:56.591 [http-nio-8088-exec-6] org.apache.zookeeper.ZooKeeper - Client environment:os.memory.total=972MB
[INFO ] 19:39:56.596 [http-nio-8088-exec-6] org.apache.zookeeper.ZooKeeper - Initiating client connection, connectString=127.0.0.1 sessionTimeout=60000 watcher=org.apache.curator.ConnectionState@3266c04a
[INFO ] 19:39:56.608 [http-nio-8088-exec-6] org.apache.zookeeper.common.X509Util - Setting -D jdk.tls.rejectClientInitiatedRenegotiation=true to disable client-initiated TLS renegotiation
[INFO ] 19:39:56.612 [http-nio-8088-exec-6] o.apache.zookeeper.ClientCnxnSocket - jute.maxbuffer value is 1048575 Bytes
[INFO ] 19:39:56.622 [http-nio-8088-exec-6] org.apache.zookeeper.ClientCnxn - zookeeper.request.timeout value is 0. feature enabled=false
[INFO ] 19:39:56.634 [http-nio-8088-exec-6-SendThread(127.0.0.1:2181)] org.apache.zookeeper.ClientCnxn - Opening socket connection to server localhost/127.0.0.1:2181.
[INFO ] 19:39:56.634 [http-nio-8088-exec-6-SendThread(127.0.0.1:2181)] org.apache.zookeeper.ClientCnxn - SASL config status: Will not attempt to authenticate using SASL (unknown error)
[INFO ] 19:39:56.636 [http-nio-8088-exec-6-SendThread(127.0.0.1:2181)] org.apache.zookeeper.ClientCnxn - Socket connection established, initiating session, client: /127.0.0.1:64551, server: localhost/127.0.0.1:2181
[INFO ] 19:39:56.637 [http-nio-8088-exec-6] o.a.c.f.imps.CuratorFrameworkImpl - Default schema
[INFO ] 19:39:56.651 [http-nio-8088-exec-6-SendThread(127.0.0.1:2181)] org.apache.zookeeper.ClientCnxn - Session establishment complete on server localhost/127.0.0.1:2181, session id = 0x100010742370002, negotiated timeout = 40000
[INFO ] 19:39:56.658 [http-nio-8088-exec-6-EventThread] o.a.c.f.state.ConnectionStateManager - State change: CONNECTED
[INFO ] 19:39:56.692 [http-nio-8088-exec-6-EventThread] o.a.c.framework.imps.EnsembleTracker - New config event received: {}
[INFO ] 19:39:56.693 [http-nio-8088-exec-6-EventThread] o.a.c.framework.imps.EnsembleTracker - New config event received: {}
[INFO ] 19:39:59.382 [http-nio-8088-exec-10] o.a.c.f.imps.CuratorFrameworkImpl - Starting
[INFO ] 19:39:59.382 [http-nio-8088-exec-10] org.apache.zookeeper.ZooKeeper - Initiating client connection, connectString=127.0.0.1 sessionTimeout=60000 watcher=org.apache.curator.ConnectionState@41bc2cc5
[INFO ] 19:39:59.383 [http-nio-8088-exec-10] o.apache.zookeeper.ClientCnxnSocket - jute.maxbuffer value is 1048575 Bytes
[INFO ] 19:39:59.383 [http-nio-8088-exec-10] org.apache.zookeeper.ClientCnxn - zookeeper.request.timeout value is 0. feature enabled=false
[INFO ] 19:39:59.384 [http-nio-8088-exec-10] o.a.c.f.imps.CuratorFrameworkImpl - Default schema
[INFO ] 19:39:59.386 [http-nio-8088-exec-10-SendThread(127.0.0.1:2181)] org.apache.zookeeper.ClientCnxn - Opening socket connection to server localhost/127.0.0.1:2181.
[INFO ] 19:39:59.386 [http-nio-8088-exec-10-SendThread(127.0.0.1:2181)] org.apache.zookeeper.ClientCnxn - SASL config status: Will not attempt to authenticate using SASL (unknown error)
[INFO ] 19:39:59.386 [http-nio-8088-exec-10-SendThread(127.0.0.1:2181)] org.apache.zookeeper.ClientCnxn - Socket connection established, initiating session, client: /127.0.0.1:64558, server: localhost/127.0.0.1:2181
[INFO ] 19:39:59.397 [http-nio-8088-exec-10-SendThread(127.0.0.1:2181)] org.apache.zookeeper.ClientCnxn - Session establishment complete on server localhost/127.0.0.1:2181, session id = 0x100010742370003, negotiated timeout = 40000
[INFO ] 19:39:59.397 [http-nio-8088-exec-10-EventThread] o.a.c.f.state.ConnectionStateManager - State change: CONNECTED
[INFO ] 19:39:59.403 [http-nio-8088-exec-10-EventThread] o.a.c.framework.imps.EnsembleTracker - New config event received: {}
[INFO ] 19:39:59.403 [http-nio-8088-exec-10-EventThread] o.a.c.framework.imps.EnsembleTracker - New config event received: {}
